C51 COMPILER V9.59.0.0   LCD                                                               12/28/2019 17:59:51 PAGE 1   


C51 COMPILER V9.59.0.0, COMPILATION OF MODULE LCD
OBJECT MODULE PLACED IN .\Objects\LCD.obj
COMPILER INVOKED BY: C:\Keil_v5\C51\BIN\C51.EXE LCD.c OPTIMIZE(8,SPEED) BROWSE DEBUG OBJECTEXTEND PRINT(.\Listings\LCD.l
                    -st) TABS(2) OBJECT(.\Objects\LCD.obj)

line level    source

   1          #include <REGX51.H>
   2          
   3          
   4          //Function Declarations
   5          
   6          void cct_init(void);
   7          void delay(int);
   8          void lcdinit(void);
   9          void writecmd(int);
  10          void writedata(char);
  11          void datacmd(char);
  12          void returnhome(void);
  13          
  14          // Pin Description
  15          
  16          /*
  17          P2 is data bus
  18          P1.0 is RS
  19          P2.1 is E
  20          
  21          */
  22          
  23          //Define Pins
  24          
  25          sbit RS = P1^0;
  26          sbit E = P1^1;
  27          
  28          //Main Program
  29          
  30          void main(void)
  31          {
  32   1        cct_init();   //Make all port zero
  33   1        lcdinit();    //Init LCD
  34   1        
  35   1        writecmd(0x85);
  36   1        writedata('S');
  37   1        writedata('a');
  38   1        writedata('u');
  39   1        writedata('m');
  40   1        writedata('i');
  41   1        writedata('l');
  42   1        
  43   1        writecmd(0xc4);
  44   1        writedata('I');
  45   1        writedata('L');
  46   1        writedata('o');
  47   1        writedata('v');
  48   1        writedata('e');
  49   1        writedata('Y');
  50   1        writedata('o');
  51   1        writedata('u');
  52   1        
  53   1      //  returnhome();   //Return to 0 position
  54   1        
C51 COMPILER V9.59.0.0   LCD                                                               12/28/2019 17:59:51 PAGE 2   

  55   1      //  while(1)
  56   1      //  {
  57   1      //  }
  58   1      
  59   1        break;
*** ERROR C171 IN LINE 59 OF LCD.c: 'break': missing enclosing loop
  60   1      }
  61          
  62          void cct_init(void)
  63          {
  64   1        P0 = 0x00;  //not used
  65   1        P1 = 0x00;  //not used
  66   1        P2 = 0x00;  //used as data port
  67   1        P3 = 0x00;  //used for generating E and RS
  68   1      }
  69          
  70          void delay(int a)
  71          {
  72   1        int i;
  73   1        for(i=0;i<a;i++); //null statement
  74   1      }
  75          
  76          void writecmd(int x)
  77          {
  78   1        RS=0;
  79   1        P2=x;
  80   1        E=1;
  81   1        delay(150);
  82   1        E=0;
  83   1        delay(150);
  84   1      }
  85          
  86          void writedata(char t)
  87          {
  88   1        RS=1;
  89   1        P2=t;
  90   1        E=1;
  91   1        delay(150);
  92   1        E=0;
  93   1        delay(150);
  94   1      }
  95          
  96          void lcdinit(void)
  97          {
  98   1        delay(15000);
  99   1        writecmd(0x30); //Line 1
 100   1        delay(4500);
 101   1        writecmd(0x30); //Line 1
 102   1        delay(300);
 103   1        writecmd(0x30);
 104   1        delay(600);
 105   1        
 106   1        writecmd(0x38);  //function set
 107   1        writecmd(0x0c);  //display on,  cursor off, blink off
 108   1        writecmd(0x01);  //clear display
 109   1        writecmd(0x06);  //entry mode set increment
 110   1      }
 111          
 112          void returnhome(void)
 113          {
 114   1        writecmd(0x02);
 115   1        delay(500);
C51 COMPILER V9.59.0.0   LCD                                                               12/28/2019 17:59:51 PAGE 3   

 116   1      }

C51 COMPILATION COMPLETE.  0 WARNING(S),  1 ERROR(S)
